#
# There is insufficient memory for the Java Runtime Environment to continue.
# Native memory allocation (malloc) failed to allocate 738688 bytes for Chunk::new
# Possible reasons:
#   The system is out of physical RAM or swap space
#   The process is running with CompressedOops enabled, and the Java Heap may be blocking the growth of the native heap
# Possible solutions:
#   Reduce memory load on the system
#   Increase physical memory or swap space
#   Check if swap backing store is full
#   Decrease Java heap size (-Xmx/-Xms)
#   Decrease number of Java threads
#   Decrease Java thread stack sizes (-Xss)
#   Set larger code cache with -XX:ReservedCodeCacheSize=
#   JVM is running with Unscaled Compressed Oops mode in which the Java heap is
#     placed in the first 4GB address space. The Java Heap base address is the
#     maximum limit for the native heap growth. Please use -XX:HeapBaseMinAddress
#     to set the Java Heap base and to place the Java Heap above 4GB virtual address.
# This output file may be truncated or incomplete.
#
#  Out of Memory Error (arena.cpp:168), pid=86224, tid=59264
#
# JRE version: Java(TM) SE Runtime Environment (21.0.4+8) (build 21.0.4+8-LTS-274)
# Java VM: Java HotSpot(TM) 64-Bit Server VM (21.0.4+8-LTS-274, mixed mode, sharing, tiered, compressed oops, compressed class ptrs, g1 gc, windows-amd64)
# No core dump will be written. Minidumps are not enabled by default on client versions of Windows
#

---------------  S U M M A R Y ------------

Command Line: -Dfile.encoding=UTF-8 -Duser.country=IN -Duser.language=en -Duser.variant com.kugelblitz.EmployeeManagementService.EmployeeManagementServiceApplication

Host: AMD Ryzen 3 7320U with Radeon Graphics         , 8 cores, 5G,  Windows 11 , 64 bit Build 26100 (10.0.26100.5074)
Time: Sat Sep 20 15:29:00 2025 India Standard Time elapsed time: 429.383068 seconds (0d 0h 7m 9s)

---------------  T H R E A D  ---------------

Current thread (0x0000022c555216f0):  JavaThread "C2 CompilerThread0" daemon [_thread_in_native, id=59264, stack(0x000000c252000000,0x000000c252100000) (1024K)]


Current CompileTask:
C2: 429383 5975       4       org.springframework.boot.devtools.filewatch.DirectorySnapshot::collectFiles (99 bytes)

Stack: [0x000000c252000000,0x000000c252100000]
Native frames: (J=compiled Java code, j=interpreted, Vv=VM code, C=native code)
V  [jvm.dll+0x6c8e59]
V  [jvm.dll+0x853181]
V  [jvm.dll+0x8556ae]
V  [jvm.dll+0x855d83]
V  [jvm.dll+0x27d526]
V  [jvm.dll+0xc4aad]
V  [jvm.dll+0xc4fe3]
V  [jvm.dll+0x3b400c]
V  [jvm.dll+0x3809a5]
V  [jvm.dll+0x37fe1a]
V  [jvm.dll+0x246280]
V  [jvm.dll+0x24585f]
V  [jvm.dll+0x1c69de]
V  [jvm.dll+0x254d49]
V  [jvm.dll+0x2532da]
V  [jvm.dll+0x3ed426]
V  [jvm.dll+0x7fd65b]
V  [jvm.dll+0x6c753d]
C  [ucrtbase.dll+0x37b0]
C  [KERNEL32.DLL+0x2e8d7]
C  [ntdll.dll+0x8d9c]


---------------  P R O C E S S  ---------------

Threads class SMR info:
_java_thread_list=0x0000022c9c06a970, length=30, elements={
0x0000022c55506ac0, 0x0000022c55508440, 0x0000022c5550cf70, 0x0000022c55511590,
0x0000022c555161e0, 0x0000022c5551bbe0, 0x0000022c555216f0, 0x0000022c55542940,
0x0000022c55519480, 0x0000022c5551c270, 0x0000022c55519b10, 0x0000022c5551a1a0,
0x0000022c5551a830, 0x0000022c9d007080, 0x0000022c9d0069f0, 0x0000022c9d004920,
0x0000022c9d005cd0, 0x0000022c9d004290, 0x0000022c9d004fb0, 0x0000022c9d006360,
0x0000022c9ec00c80, 0x0000022c9ec01310, 0x0000022c9ec033e0, 0x0000022c9ec026c0,
0x0000022c9ec02d50, 0x0000022c9ebfff60, 0x0000022c9ec02030, 0x0000022c9ec019a0,
0x0000022c9ec03a70, 0x0000022c9ec005f0
}

Java Threads: ( => current thread )
  0x0000022c55506ac0 JavaThread "Reference Handler"          daemon [_thread_blocked, id=100860, stack(0x000000c251a00000,0x000000c251b00000) (1024K)]
  0x0000022c55508440 JavaThread "Finalizer"                  daemon [_thread_blocked, id=99504, stack(0x000000c251b00000,0x000000c251c00000) (1024K)]
  0x0000022c5550cf70 JavaThread "Signal Dispatcher"          daemon [_thread_blocked, id=97184, stack(0x000000c251c00000,0x000000c251d00000) (1024K)]
  0x0000022c55511590 JavaThread "Attach Listener"            daemon [_thread_blocked, id=98232, stack(0x000000c251d00000,0x000000c251e00000) (1024K)]
  0x0000022c555161e0 JavaThread "Service Thread"             daemon [_thread_blocked, id=101368, stack(0x000000c251e00000,0x000000c251f00000) (1024K)]
  0x0000022c5551bbe0 JavaThread "Monitor Deflation Thread"   daemon [_thread_blocked, id=63080, stack(0x000000c251f00000,0x000000c252000000) (1024K)]
=>0x0000022c555216f0 JavaThread "C2 CompilerThread0"         daemon [_thread_in_native, id=59264, stack(0x000000c252000000,0x000000c252100000) (1024K)]
  0x0000022c55542940 JavaThread "C1 CompilerThread0"         daemon [_thread_blocked, id=96432, stack(0x000000c252100000,0x000000c252200000) (1024K)]
  0x0000022c55519480 JavaThread "Notification Thread"        daemon [_thread_blocked, id=95952, stack(0x000000c252200000,0x000000c252300000) (1024K)]
  0x0000022c5551c270 JavaThread "Common-Cleaner"             daemon [_thread_blocked, id=100272, stack(0x000000c252300000,0x000000c252400000) (1024K)]
  0x0000022c55519b10 JavaThread "Catalina-utility-1"                [_thread_blocked, id=101288, stack(0x000000c252e00000,0x000000c252f00000) (1024K)]
  0x0000022c5551a1a0 JavaThread "Catalina-utility-2"                [_thread_blocked, id=99412, stack(0x000000c252f00000,0x000000c253000000) (1024K)]
  0x0000022c5551a830 JavaThread "container-0"                       [_thread_blocked, id=97540, stack(0x000000c253000000,0x000000c253100000) (1024K)]
  0x0000022c9d007080 JavaThread "mysql-cj-abandoned-connection-cleanup" daemon [_thread_blocked, id=100616, stack(0x000000c253100000,0x000000c253200000) (1024K)]
  0x0000022c9d0069f0 JavaThread "HikariPool-1:housekeeper"   daemon [_thread_blocked, id=100348, stack(0x000000c253300000,0x000000c253400000) (1024K)]
  0x0000022c9d004920 JavaThread "File Watcher"               daemon [_thread_blocked, id=96892, stack(0x000000c253500000,0x000000c253600000) (1024K)]
  0x0000022c9d005cd0 JavaThread "Live Reload Server"         daemon [_thread_in_native, id=99468, stack(0x000000c253700000,0x000000c253800000) (1024K)]
  0x0000022c9d004290 JavaThread "http-nio-8080-exec-1"       daemon [_thread_blocked, id=100196, stack(0x000000c253600000,0x000000c253700000) (1024K)]
  0x0000022c9d004fb0 JavaThread "http-nio-8080-exec-2"       daemon [_thread_blocked, id=100968, stack(0x000000c253800000,0x000000c253900000) (1024K)]
  0x0000022c9d006360 JavaThread "http-nio-8080-exec-3"       daemon [_thread_blocked, id=97004, stack(0x000000c253900000,0x000000c253a00000) (1024K)]
  0x0000022c9ec00c80 JavaThread "http-nio-8080-exec-4"       daemon [_thread_blocked, id=98052, stack(0x000000c253a00000,0x000000c253b00000) (1024K)]
  0x0000022c9ec01310 JavaThread "http-nio-8080-exec-5"       daemon [_thread_blocked, id=66284, stack(0x000000c253b00000,0x000000c253c00000) (1024K)]
  0x0000022c9ec033e0 JavaThread "http-nio-8080-exec-6"       daemon [_thread_blocked, id=97264, stack(0x000000c253c00000,0x000000c253d00000) (1024K)]
  0x0000022c9ec026c0 JavaThread "http-nio-8080-exec-7"       daemon [_thread_blocked, id=98248, stack(0x000000c253d00000,0x000000c253e00000) (1024K)]
  0x0000022c9ec02d50 JavaThread "http-nio-8080-exec-8"       daemon [_thread_blocked, id=100032, stack(0x000000c253e00000,0x000000c253f00000) (1024K)]
  0x0000022c9ebfff60 JavaThread "http-nio-8080-exec-9"       daemon [_thread_blocked, id=84488, stack(0x000000c253f00000,0x000000c254000000) (1024K)]
  0x0000022c9ec02030 JavaThread "http-nio-8080-exec-10"      daemon [_thread_blocked, id=92368, stack(0x000000c254000000,0x000000c254100000) (1024K)]
  0x0000022c9ec019a0 JavaThread "http-nio-8080-Poller"       daemon [_thread_in_native, id=100304, stack(0x000000c254100000,0x000000c254200000) (1024K)]
  0x0000022c9ec03a70 JavaThread "http-nio-8080-Acceptor"     daemon [_thread_in_native, id=95344, stack(0x000000c254200000,0x000000c254300000) (1024K)]
  0x0000022c9ec005f0 JavaThread "DestroyJavaVM"                     [_thread_blocked, id=100288, stack(0x000000c251200000,0x000000c251300000) (1024K)]
Total: 30

Other Threads:
  0x0000022c554e8f50 VMThread "VM Thread"                           [id=98060, stack(0x000000c251900000,0x000000c251a00000) (1024K)]
  0x0000022c554cd590 WatcherThread "VM Periodic Task Thread"        [id=99452, stack(0x000000c251800000,0x000000c251900000) (1024K)]
  0x0000022c396e9eb0 WorkerThread "GC Thread#0"                     [id=100880, stack(0x000000c251300000,0x000000c251400000) (1024K)]
  0x0000022c9ba52b90 WorkerThread "GC Thread#1"                     [id=96732, stack(0x000000c252600000,0x000000c252700000) (1024K)]
  0x0000022c9ba37330 WorkerThread "GC Thread#2"                     [id=96604, stack(0x000000c252700000,0x000000c252800000) (1024K)]
  0x0000022c9ba376d0 WorkerThread "GC Thread#3"                     [id=88756, stack(0x000000c252800000,0x000000c252900000) (1024K)]
  0x0000022c9ba37a70 WorkerThread "GC Thread#4"                     [id=100944, stack(0x000000c252900000,0x000000c252a00000) (1024K)]
  0x0000022c9ba37e10 WorkerThread "GC Thread#5"                     [id=94204, stack(0x000000c252a00000,0x000000c252b00000) (1024K)]
  0x0000022c9bdfaf60 WorkerThread "GC Thread#6"                     [id=98396, stack(0x000000c252c00000,0x000000c252d00000) (1024K)]
  0x0000022c9bdf9600 WorkerThread "GC Thread#7"                     [id=97356, stack(0x000000c252d00000,0x000000c252e00000) (1024K)]
  0x0000022c396f7660 ConcurrentGCThread "G1 Main Marker"            [id=98644, stack(0x000000c251400000,0x000000c251500000) (1024K)]
  0x0000022c396f8fe0 WorkerThread "G1 Conc#0"                       [id=95768, stack(0x000000c251500000,0x000000c251600000) (1024K)]
  0x0000022c9bdf9d40 WorkerThread "G1 Conc#1"                       [id=100548, stack(0x000000c252b00000,0x000000c252c00000) (1024K)]
  0x0000022c3975d490 ConcurrentGCThread "G1 Refine#0"               [id=98476, stack(0x000000c251600000,0x000000c251700000) (1024K)]
  0x0000022c3975e7a0 ConcurrentGCThread "G1 Service"                [id=95680, stack(0x000000c251700000,0x000000c251800000) (1024K)]
Total: 15

Threads with active compile tasks:
C2 CompilerThread0   429484 5975       4       org.springframework.boot.devtools.filewatch.DirectorySnapshot::collectFiles (99 bytes)
Total: 1

VM state: not at safepoint (normal execution)

VM Mutex/Monitor currently owned by a thread: None

Heap address: 0x00000000a4200000, size: 1470 MB, Compressed Oops mode: 32-bit

CDS archive(s) mapped at: [0x0000022c56000000-0x0000022c56c90000-0x0000022c56c90000), size 13172736, SharedBaseAddress: 0x0000022c56000000, ArchiveRelocationMode: 1.
Compressed class space mapped at: 0x0000022c57000000-0x0000022c97000000, reserved size: 1073741824
Narrow klass base: 0x0000022c56000000, Narrow klass shift: 0, Narrow klass range: 0x100000000

GC Precious Log:
 CardTable entry size: 512
 Card Set container configuration: InlinePtr #cards 5 size 8 Array Of Cards #cards 12 size 40 Howl #buckets 4 coarsen threshold 1843 Howl Bitmap #cards 512 size 80 coarsen threshold 460 Card regions per heap region 1 cards per card region 2048
 CPUs: 8 total, 8 available
 Memory: 5877M
 Large Page Support: Disabled
 NUMA Support: Disabled
 Compressed Oops: Enabled (32-bit)
 Heap Region Size: 1M
 Heap Min Capacity: 8M
 Heap Initial Capacity: 92M
 Heap Max Capacity: 1470M
 Pre-touch: Disabled
 Parallel Workers: 8
 Concurrent Workers: 2
 Concurrent Refinement Workers: 8
 Periodic GC: Disabled

Heap:
 garbage-first heap   total 55296K, used 39559K [0x00000000a4200000, 0x0000000100000000)
  region size 1024K, 13 young (13312K), 2 survivors (2048K)
 Metaspace       used 63804K, committed 64512K, reserved 1114112K
  class space    used 8655K, committed 8960K, reserved 1048576K

Heap Regions: E=young(eden), S=young(survivor), O=old, HS=humongous(starts), HC=humongous(continues), CS=collection set, F=free, TAMS=top-at-mark-start, PB=parsable bottom
|   0|0x00000000a4200000, 0x00000000a4300000, 0x00000000a4300000|100%|HS|  |TAMS 0x00000000a4200000| PB 0x00000000a4200000| Complete 
|   1|0x00000000a4300000, 0x00000000a4400000, 0x00000000a4400000|100%|HS|  |TAMS 0x00000000a4300000| PB 0x00000000a4300000| Complete 
|   2|0x00000000a4400000, 0x00000000a4500000, 0x00000000a4500000|100%| O|  |TAMS 0x00000000a4400000| PB 0x00000000a4400000| Untracked 
|   3|0x00000000a4500000, 0x00000000a4600000, 0x00000000a4600000|100%| O|  |TAMS 0x00000000a4500000| PB 0x00000000a4500000| Untracked 
|   4|0x00000000a4600000, 0x00000000a4700000, 0x00000000a4700000|100%| O|  |TAMS 0x00000000a4600000| PB 0x00000000a4600000| Untracked 
|   5|0x00000000a4700000, 0x00000000a4800000, 0x00000000a4800000|100%| O|  |TAMS 0x00000000a4700000| PB 0x00000000a4700000| Untracked 
|   6|0x00000000a4800000, 0x00000000a4900000, 0x00000000a4900000|100%| O|  |TAMS 0x00000000a4800000| PB 0x00000000a4800000| Untracked 
|   7|0x00000000a4900000, 0x00000000a4a00000, 0x00000000a4a00000|100%| O|  |TAMS 0x00000000a4900000| PB 0x00000000a4900000| Untracked 
|   8|0x00000000a4a00000, 0x00000000a4b00000, 0x00000000a4b00000|100%| O|  |TAMS 0x00000000a4a00000| PB 0x00000000a4a00000| Untracked 
|   9|0x00000000a4b00000, 0x00000000a4c00000, 0x00000000a4c00000|100%| O|  |TAMS 0x00000000a4b00000| PB 0x00000000a4b00000| Untracked 
|  10|0x00000000a4c00000, 0x00000000a4d00000, 0x00000000a4d00000|100%| O|  |TAMS 0x00000000a4c00000| PB 0x00000000a4c00000| Untracked 
|  11|0x00000000a4d00000, 0x00000000a4e00000, 0x00000000a4e00000|100%| O|  |TAMS 0x00000000a4d00000| PB 0x00000000a4d00000| Untracked 
|  12|0x00000000a4e00000, 0x00000000a4f00000, 0x00000000a4f00000|100%| O|  |TAMS 0x00000000a4e00000| PB 0x00000000a4e00000| Untracked 
|  13|0x00000000a4f00000, 0x00000000a5000000, 0x00000000a5000000|100%| O|  |TAMS 0x00000000a4f00000| PB 0x00000000a4f00000| Untracked 
|  14|0x00000000a5000000, 0x00000000a5000000, 0x00000000a5100000|  0%| F|  |TAMS 0x00000000a5000000| PB 0x00000000a5000000| Untracked 
|  15|0x00000000a5100000, 0x00000000a5200000, 0x00000000a5200000|100%| O|  |TAMS 0x00000000a5100000| PB 0x00000000a5100000| Untracked 
|  16|0x00000000a5200000, 0x00000000a5300000, 0x00000000a5300000|100%| O|  |TAMS 0x00000000a5200000| PB 0x00000000a5200000| Untracked 
|  17|0x00000000a5300000, 0x00000000a5400000, 0x00000000a5400000|100%| O|  |TAMS 0x00000000a5300000| PB 0x00000000a5300000| Untracked 
|  18|0x00000000a5400000, 0x00000000a5500000, 0x00000000a5500000|100%| O|  |TAMS 0x00000000a5400000| PB 0x00000000a5400000| Untracked 
|  19|0x00000000a5500000, 0x00000000a5600000, 0x00000000a5600000|100%| O|  |TAMS 0x00000000a5500000| PB 0x00000000a5500000| Untracked 
|  20|0x00000000a5600000, 0x00000000a5700000, 0x00000000a5700000|100%| O|  |TAMS 0x00000000a5600000| PB 0x00000000a5600000| Untracked 
|  21|0x00000000a5700000, 0x00000000a5800000, 0x00000000a5800000|100%| O|  |TAMS 0x00000000a5700000| PB 0x00000000a5700000| Untracked 
|  22|0x00000000a5800000, 0x00000000a5900000, 0x00000000a5900000|100%| O|  |TAMS 0x00000000a5800000| PB 0x00000000a5800000| Untracked 
|  23|0x00000000a5900000, 0x00000000a5a00000, 0x00000000a5a00000|100%| O|  |TAMS 0x00000000a5900000| PB 0x00000000a5900000| Untracked 
|  24|0x00000000a5a00000, 0x00000000a5b00000, 0x00000000a5b00000|100%| O|  |TAMS 0x00000000a5a00000| PB 0x00000000a5a00000| Untracked 
|  25|0x00000000a5b00000, 0x00000000a5c00000, 0x00000000a5c00000|100%| O|  |TAMS 0x00000000a5b00000| PB 0x00000000a5b00000| Untracked 
|  26|0x00000000a5c00000, 0x00000000a5d00000, 0x00000000a5d00000|100%| O|  |TAMS 0x00000000a5c00000| PB 0x00000000a5c00000| Untracked 
|  27|0x00000000a5d00000, 0x00000000a5e00000, 0x00000000a5e00000|100%| O|  |TAMS 0x00000000a5d00000| PB 0x00000000a5d00000| Untracked 
|  28|0x00000000a5e00000, 0x00000000a5e00000, 0x00000000a5f00000|  0%| F|  |TAMS 0x00000000a5e00000| PB 0x00000000a5e00000| Untracked 
|  29|0x00000000a5f00000, 0x00000000a5f00000, 0x00000000a6000000|  0%| F|  |TAMS 0x00000000a5f00000| PB 0x00000000a5f00000| Untracked 
|  30|0x00000000a6000000, 0x00000000a6000000, 0x00000000a6100000|  0%| F|  |TAMS 0x00000000a6000000| PB 0x00000000a6000000| Untracked 
|  31|0x00000000a6100000, 0x00000000a6185480, 0x00000000a6200000| 52%| O|  |TAMS 0x00000000a6100000| PB 0x00000000a6100000| Untracked 
|  32|0x00000000a6200000, 0x00000000a6200000, 0x00000000a6300000|  0%| F|  |TAMS 0x00000000a6200000| PB 0x00000000a6200000| Untracked 
|  33|0x00000000a6300000, 0x00000000a6300000, 0x00000000a6400000|  0%| F|  |TAMS 0x00000000a6300000| PB 0x00000000a6300000| Untracked 
|  34|0x00000000a6400000, 0x00000000a641c8f0, 0x00000000a6500000| 11%| S|CS|TAMS 0x00000000a6400000| PB 0x00000000a6400000| Complete 
|  35|0x00000000a6500000, 0x00000000a6600000, 0x00000000a6600000|100%| S|CS|TAMS 0x00000000a6500000| PB 0x00000000a6500000| Complete 
|  36|0x00000000a6600000, 0x00000000a6600000, 0x00000000a6700000|  0%| F|  |TAMS 0x00000000a6600000| PB 0x00000000a6600000| Untracked 
|  37|0x00000000a6700000, 0x00000000a6700000, 0x00000000a6800000|  0%| F|  |TAMS 0x00000000a6700000| PB 0x00000000a6700000| Untracked 
|  38|0x00000000a6800000, 0x00000000a6800000, 0x00000000a6900000|  0%| F|  |TAMS 0x00000000a6800000| PB 0x00000000a6800000| Untracked 
|  39|0x00000000a6900000, 0x00000000a6900000, 0x00000000a6a00000|  0%| F|  |TAMS 0x00000000a6900000| PB 0x00000000a6900000| Untracked 
|  40|0x00000000a6a00000, 0x00000000a6a00000, 0x00000000a6b00000|  0%| F|  |TAMS 0x00000000a6a00000| PB 0x00000000a6a00000| Untracked 
|  41|0x00000000a6b00000, 0x00000000a6b00000, 0x00000000a6c00000|  0%| F|  |TAMS 0x00000000a6b00000| PB 0x00000000a6b00000| Untracked 
|  42|0x00000000a6c00000, 0x00000000a6c00000, 0x00000000a6d00000|  0%| F|  |TAMS 0x00000000a6c00000| PB 0x00000000a6c00000| Untracked 
|  43|0x00000000a6d00000, 0x00000000a6db4bc0, 0x00000000a6e00000| 70%| E|  |TAMS 0x00000000a6d00000| PB 0x00000000a6d00000| Complete 
|  44|0x00000000a6e00000, 0x00000000a6f00000, 0x00000000a6f00000|100%| E|CS|TAMS 0x00000000a6e00000| PB 0x00000000a6e00000| Complete 
|  45|0x00000000a6f00000, 0x00000000a7000000, 0x00000000a7000000|100%| E|CS|TAMS 0x00000000a6f00000| PB 0x00000000a6f00000| Complete 
|  46|0x00000000a7000000, 0x00000000a7100000, 0x00000000a7100000|100%| E|CS|TAMS 0x00000000a7000000| PB 0x00000000a7000000| Complete 
|  47|0x00000000a7100000, 0x00000000a7200000, 0x00000000a7200000|100%| E|CS|TAMS 0x00000000a7100000| PB 0x00000000a7100000| Complete 
|  48|0x00000000a7200000, 0x00000000a7300000, 0x00000000a7300000|100%| E|CS|TAMS 0x00000000a7200000| PB 0x00000000a7200000| Complete 
|  49|0x00000000a7300000, 0x00000000a7400000, 0x00000000a7400000|100%| E|CS|TAMS 0x00000000a7300000| PB 0x00000000a7300000| Complete 
|  50|0x00000000a7400000, 0x00000000a7500000, 0x00000000a7500000|100%| E|CS|TAMS 0x00000000a7400000| PB 0x00000000a7400000| Complete 
|  51|0x00000000a7500000, 0x00000000a7600000, 0x00000000a7600000|100%| E|CS|TAMS 0x00000000a7500000| PB 0x00000000a7500000| Complete 
|  52|0x00000000a7600000, 0x00000000a7700000, 0x00000000a7700000|100%| E|CS|TAMS 0x00000000a7600000| PB 0x00000000a7600000| Complete 
|  91|0x00000000a9d00000, 0x00000000a9e00000, 0x00000000a9e00000|100%| E|CS|TAMS 0x00000000a9d00000| PB 0x00000000a9d00000| Complete 

Card table byte_map: [0x0000022c51120000,0x0000022c51400000] _byte_map_base: 0x0000022c50bff000

Marking Bits: (CMBitMap*) 0x0000022c396ea5b0
 Bits: [0x0000022c51400000, 0x0000022c52af8000)

Polling page: 0x0000022c375e0000

Metaspace:

Usage:
  Non-class:     53.86 MB used.
      Class:      8.45 MB used.
       Both:     62.31 MB used.

Virtual space:
  Non-class space:       64.00 MB reserved,      54.25 MB ( 85%) committed,  1 nodes.
      Class space:        1.00 GB reserved,       8.75 MB ( <1%) committed,  1 nodes.
             Both:        1.06 GB reserved,      63.00 MB (  6%) committed. 

Chunk freelists:
   Non-Class:  9.70 MB
       Class:  7.17 MB
        Both:  16.88 MB

MaxMetaspaceSize: unlimited
CompressedClassSpaceSize: 1.00 GB
Initial GC threshold: 21.00 MB
Current GC threshold: 98.06 MB
CDS: on
 - commit_granule_bytes: 65536.
 - commit_granule_words: 8192.
 - virtual_space_node_default_size: 8388608.
 - enlarge_chunks_in_place: 1.
 - use_allocation_guard: 0.


Internal statistics:

num_allocs_failed_limit: 9.
num_arena_births: 988.
num_arena_deaths: 0.
num_vsnodes_births: 2.
num_vsnodes_deaths: 0.
num_space_committed: 1008.
num_space_uncommitted: 0.
num_chunks_returned_to_freelist: 9.
num_chunks_taken_from_freelist: 3347.
num_chunk_merges: 9.
num_chunk_splits: 2398.
num_chunks_enlarged: 1852.
num_inconsistent_stats: 0.

CodeHeap 'non-profiled nmethods': size=120000Kb used=3221Kb max_used=3221Kb free=116778Kb
 bounds [0x0000022c495e0000, 0x0000022c49910000, 0x0000022c50b10000]
CodeHeap 'profiled nmethods': size=120000Kb used=10356Kb max_used=10356Kb free=109643Kb
 bounds [0x0000022c41b10000, 0x0000022c42530000, 0x0000022c49040000]
CodeHeap 'non-nmethods': size=5760Kb used=1675Kb max_used=1728Kb free=4084Kb
 bounds [0x0000022c49040000, 0x0000022c492b0000, 0x0000022c495e0000]
 total_blobs=6069 nmethods=5356 adapters=617
 compilation: enabled
              stopped_count=0, restarted_count=0
 full_count=0

Compilation events (20 events):
Event: 348.308 Thread 0x0000022c555216f0 nmethod 5959 0x0000022c49903790 code [0x0000022c49903900, 0x0000022c49903998]
Event: 362.618 Thread 0x0000022c55542940 5960       3       java.net.Socket::isClosed (13 bytes)
Event: 362.633 Thread 0x0000022c55542940 nmethod 5960 0x0000022c42525890 code [0x0000022c42525a20, 0x0000022c42525b68]
Event: 368.305 Thread 0x0000022c555216f0 5961       4       java.util.concurrent.locks.AbstractQueuedSynchronizer$Node::setStatusRelaxed (12 bytes)
Event: 368.313 Thread 0x0000022c555216f0 nmethod 5961 0x0000022c49903a90 code [0x0000022c49903c00, 0x0000022c49903c90]
Event: 368.352 Thread 0x0000022c55542940 5962   !   3       java.net.Socket::getImpl (115 bytes)
Event: 368.410 Thread 0x0000022c55542940 nmethod 5962 0x0000022c42525c10 code [0x0000022c42525f00, 0x0000022c42526f88]
Event: 372.235 Thread 0x0000022c55542940 5963       1       jdk.internal.loader.URLClassPath$FileLoader$1::getURL (5 bytes)
Event: 372.238 Thread 0x0000022c55542940 nmethod 5963 0x0000022c49903d90 code [0x0000022c49903f20, 0x0000022c49903fe8]
Event: 398.502 Thread 0x0000022c55542940 5964       3       sun.nio.ch.SelectorImpl::select (35 bytes)
Event: 399.194 Thread 0x0000022c55542940 nmethod 5964 0x0000022c42527790 code [0x0000022c42527960, 0x0000022c42527c30]
Event: 399.512 Thread 0x0000022c55542940 5970   !   3       org.apache.tomcat.util.net.NioEndpoint$Poller::timeout (501 bytes)
Event: 399.604 Thread 0x0000022c55542940 nmethod 5970 0x0000022c42527d10 code [0x0000022c42528240, 0x0000022c4252afd8]
Event: 412.880 Thread 0x0000022c55542940 5972       3       org.springframework.boot.devtools.filewatch.FileSystemWatcher$Watcher::getCurrentSnapshots (63 bytes)
Event: 414.498 Thread 0x0000022c55542940 nmethod 5972 0x0000022c4252c210 code [0x0000022c4252c440, 0x0000022c4252cd90]
Event: 419.602 Thread 0x0000022c555216f0 5973       4       java.util.HashMap$KeyIterator::next (8 bytes)
Event: 419.699 Thread 0x0000022c555216f0 nmethod 5973 0x0000022c49904090 code [0x0000022c49904240, 0x0000022c49904670]
Event: 427.073 Thread 0x0000022c555216f0 5974       4       java.io.File::listFiles (52 bytes)
Event: 427.183 Thread 0x0000022c555216f0 nmethod 5974 0x0000022c49904810 code [0x0000022c49904a20, 0x0000022c49905290]
Event: 427.183 Thread 0x0000022c555216f0 5975       4       org.springframework.boot.devtools.filewatch.DirectorySnapshot::collectFiles (99 bytes)

GC Heap History (20 events):
Event: 4.359 GC heap before
{Heap before GC invocations=2 (full 0):
 garbage-first heap   total 94208K, used 55266K [0x00000000a4200000, 0x0000000100000000)
  region size 1024K, 48 young (49152K), 3 survivors (3072K)
 Metaspace       used 21194K, committed 21504K, reserved 1114112K
  class space    used 2611K, committed 2752K, reserved 1048576K
}
Event: 4.373 GC heap after
{Heap after GC invocations=3 (full 0):
 garbage-first heap   total 94208K, used 14323K [0x00000000a4200000, 0x0000000100000000)
  region size 1024K, 7 young (7168K), 7 survivors (7168K)
 Metaspace       used 21194K, committed 21504K, reserved 1114112K
  class space    used 2611K, committed 2752K, reserved 1048576K
}
Event: 5.629 GC heap before
{Heap before GC invocations=4 (full 0):
 garbage-first heap   total 55296K, used 39923K [0x00000000a4200000, 0x0000000100000000)
  region size 1024K, 32 young (32768K), 7 survivors (7168K)
 Metaspace       used 25119K, committed 25536K, reserved 1114112K
  class space    used 3199K, committed 3392K, reserved 1048576K
}
Event: 5.636 GC heap after
{Heap after GC invocations=5 (full 0):
 garbage-first heap   total 55296K, used 17195K [0x00000000a4200000, 0x0000000100000000)
  region size 1024K, 3 young (3072K), 3 survivors (3072K)
 Metaspace       used 25119K, committed 25536K, reserved 1114112K
  class space    used 3199K, committed 3392K, reserved 1048576K
}
Event: 6.796 GC heap before
{Heap before GC invocations=5 (full 0):
 garbage-first heap   total 55296K, used 41771K [0x00000000a4200000, 0x0000000100000000)
  region size 1024K, 28 young (28672K), 3 survivors (3072K)
 Metaspace       used 29814K, committed 30400K, reserved 1114112K
  class space    used 3830K, committed 4096K, reserved 1048576K
}
Event: 6.802 GC heap after
{Heap after GC invocations=6 (full 0):
 garbage-first heap   total 55296K, used 19853K [0x00000000a4200000, 0x0000000100000000)
  region size 1024K, 3 young (3072K), 3 survivors (3072K)
 Metaspace       used 29814K, committed 30400K, reserved 1114112K
  class space    used 3830K, committed 4096K, reserved 1048576K
}
Event: 7.695 GC heap before
{Heap before GC invocations=6 (full 0):
 garbage-first heap   total 55296K, used 40333K [0x00000000a4200000, 0x0000000100000000)
  region size 1024K, 24 young (24576K), 3 survivors (3072K)
 Metaspace       used 35491K, committed 35968K, reserved 1114112K
  class space    used 4695K, committed 4928K, reserved 1048576K
}
Event: 7.699 GC heap after
{Heap after GC invocations=7 (full 0):
 garbage-first heap   total 55296K, used 20760K [0x00000000a4200000, 0x0000000100000000)
  region size 1024K, 2 young (2048K), 2 survivors (2048K)
 Metaspace       used 35491K, committed 35968K, reserved 1114112K
  class space    used 4695K, committed 4928K, reserved 1048576K
}
Event: 8.793 GC heap before
{Heap before GC invocations=8 (full 0):
 garbage-first heap   total 55296K, used 44312K [0x00000000a4200000, 0x0000000100000000)
  region size 1024K, 26 young (26624K), 2 survivors (2048K)
 Metaspace       used 42797K, committed 43392K, reserved 1114112K
  class space    used 5638K, committed 5888K, reserved 1048576K
}
Event: 8.797 GC heap after
{Heap after GC invocations=9 (full 0):
 garbage-first heap   total 55296K, used 23097K [0x00000000a4200000, 0x0000000100000000)
  region size 1024K, 4 young (4096K), 4 survivors (4096K)
 Metaspace       used 42797K, committed 43392K, reserved 1114112K
  class space    used 5638K, committed 5888K, reserved 1048576K
}
Event: 9.645 GC heap before
{Heap before GC invocations=9 (full 0):
 garbage-first heap   total 55296K, used 44601K [0x00000000a4200000, 0x0000000100000000)
  region size 1024K, 26 young (26624K), 4 survivors (4096K)
 Metaspace       used 49740K, committed 50304K, reserved 1114112K
  class space    used 6572K, committed 6784K, reserved 1048576K
}
Event: 9.649 GC heap after
{Heap after GC invocations=10 (full 0):
 garbage-first heap   total 55296K, used 24031K [0x00000000a4200000, 0x0000000100000000)
  region size 1024K, 2 young (2048K), 2 survivors (2048K)
 Metaspace       used 49740K, committed 50304K, reserved 1114112K
  class space    used 6572K, committed 6784K, reserved 1048576K
}
Event: 10.408 GC heap before
{Heap before GC invocations=10 (full 0):
 garbage-first heap   total 55296K, used 46559K [0x00000000a4200000, 0x0000000100000000)
  region size 1024K, 25 young (25600K), 2 survivors (2048K)
 Metaspace       used 55774K, committed 56384K, reserved 1114112K
  class space    used 7544K, committed 7808K, reserved 1048576K
}
Event: 10.411 GC heap after
{Heap after GC invocations=11 (full 0):
 garbage-first heap   total 55296K, used 24787K [0x00000000a4200000, 0x0000000100000000)
  region size 1024K, 3 young (3072K), 3 survivors (3072K)
 Metaspace       used 55774K, committed 56384K, reserved 1114112K
  class space    used 7544K, committed 7808K, reserved 1048576K
}
Event: 11.154 GC heap before
{Heap before GC invocations=11 (full 0):
 garbage-first heap   total 55296K, used 44243K [0x00000000a4200000, 0x0000000100000000)
  region size 1024K, 23 young (23552K), 3 survivors (3072K)
 Metaspace       used 59471K, committed 60096K, reserved 1114112K
  class space    used 8004K, committed 8320K, reserved 1048576K
}
Event: 11.159 GC heap after
{Heap after GC invocations=12 (full 0):
 garbage-first heap   total 55296K, used 26570K [0x00000000a4200000, 0x0000000100000000)
  region size 1024K, 3 young (3072K), 3 survivors (3072K)
 Metaspace       used 59471K, committed 60096K, reserved 1114112K
  class space    used 8004K, committed 8320K, reserved 1048576K
}
Event: 11.982 GC heap before
{Heap before GC invocations=13 (full 0):
 garbage-first heap   total 55296K, used 47050K [0x00000000a4200000, 0x0000000100000000)
  region size 1024K, 23 young (23552K), 3 survivors (3072K)
 Metaspace       used 62452K, committed 63232K, reserved 1114112K
  class space    used 8479K, committed 8832K, reserved 1048576K
}
Event: 11.986 GC heap after
{Heap after GC invocations=14 (full 0):
 garbage-first heap   total 55296K, used 29034K [0x00000000a4200000, 0x0000000100000000)
  region size 1024K, 3 young (3072K), 3 survivors (3072K)
 Metaspace       used 62452K, committed 63232K, reserved 1114112K
  class space    used 8479K, committed 8832K, reserved 1048576K
}
Event: 203.352 GC heap before
{Heap before GC invocations=14 (full 0):
 garbage-first heap   total 55296K, used 47466K [0x00000000a4200000, 0x0000000100000000)
  region size 1024K, 21 young (21504K), 3 survivors (3072K)
 Metaspace       used 63776K, committed 64512K, reserved 1114112K
  class space    used 8655K, committed 8960K, reserved 1048576K
}
Event: 203.479 GC heap after
{Heap after GC invocations=15 (full 0):
 garbage-first heap   total 55296K, used 29319K [0x00000000a4200000, 0x0000000100000000)
  region size 1024K, 2 young (2048K), 2 survivors (2048K)
 Metaspace       used 63776K, committed 64512K, reserved 1114112K
  class space    used 8655K, committed 8960K, reserved 1048576K
}

Dll operation events (11 events):
Event: 0.017 Loaded shared library C:\Program Files\Java\jdk-21\bin\java.dll
Event: 0.063 Loaded shared library C:\Program Files\Java\jdk-21\bin\jsvml.dll
Event: 0.212 Loaded shared library C:\Program Files\Java\jdk-21\bin\net.dll
Event: 0.218 Loaded shared library C:\Program Files\Java\jdk-21\bin\nio.dll
Event: 0.229 Loaded shared library C:\Program Files\Java\jdk-21\bin\zip.dll
Event: 0.559 Loaded shared library C:\Program Files\Java\jdk-21\bin\jimage.dll
Event: 1.271 Loaded shared library C:\Program Files\Java\jdk-21\bin\management.dll
Event: 1.294 Loaded shared library C:\Program Files\Java\jdk-21\bin\management_ext.dll
Event: 3.104 Loaded shared library C:\Program Files\Java\jdk-21\bin\sunmscapi.dll
Event: 7.468 Loaded shared library C:\Program Files\Java\jdk-21\bin\verify.dll
Event: 8.123 Loaded shared library C:\Program Files\Java\jdk-21\bin\extnet.dll

Deoptimization events (20 events):
Event: 12.066 Thread 0x0000022c5551aec0 DEOPT PACKING pc=0x0000022c41c5c29a sp=0x000000c2525fcd90
Event: 12.066 Thread 0x0000022c5551aec0 DEOPT UNPACKING pc=0x0000022c49094e42 sp=0x000000c2525fc228 mode 0
Event: 12.158 Thread 0x0000022c5551aec0 DEOPT PACKING pc=0x0000022c41c5c29a sp=0x000000c2525f99c0
Event: 12.158 Thread 0x0000022c5551aec0 DEOPT UNPACKING pc=0x0000022c49094e42 sp=0x000000c2525f8e58 mode 0
Event: 12.239 Thread 0x0000022c5551aec0 Uncommon trap: trap_request=0xffffff45 fr.pc=0x0000022c4964aa8c relative=0x000000000000006c
Event: 12.239 Thread 0x0000022c5551aec0 Uncommon trap: reason=unstable_if action=reinterpret pc=0x0000022c4964aa8c method=org.springframework.util.ConcurrentReferenceHashMap$Segment.clear()V @ 7 c2
Event: 12.239 Thread 0x0000022c5551aec0 DEOPT PACKING pc=0x0000022c4964aa8c sp=0x000000c2525feb70
Event: 12.239 Thread 0x0000022c5551aec0 DEOPT UNPACKING pc=0x0000022c490946a2 sp=0x000000c2525feb00 mode 2
Event: 12.244 Thread 0x0000022c5551aec0 Uncommon trap: trap_request=0xffffff45 fr.pc=0x0000022c49671d38 relative=0x00000000000000f8
Event: 12.244 Thread 0x0000022c5551aec0 Uncommon trap: reason=unstable_if action=reinterpret pc=0x0000022c49671d38 method=java.lang.ref.ReferenceQueue.poll()Ljava/lang/ref/Reference; @ 4 c2
Event: 12.244 Thread 0x0000022c5551aec0 DEOPT PACKING pc=0x0000022c49671d38 sp=0x000000c2525fe880
Event: 12.244 Thread 0x0000022c5551aec0 DEOPT UNPACKING pc=0x0000022c490946a2 sp=0x000000c2525fe748 mode 2
Event: 12.286 Thread 0x0000022c5551aec0 Uncommon trap: trap_request=0xffffff45 fr.pc=0x0000022c49862640 relative=0x0000000000000660
Event: 12.286 Thread 0x0000022c5551aec0 Uncommon trap: reason=unstable_if action=reinterpret pc=0x0000022c49862640 method=java.lang.Integer.stringSize(I)I @ 19 c2
Event: 12.286 Thread 0x0000022c5551aec0 DEOPT PACKING pc=0x0000022c49862640 sp=0x000000c2525fdd60
Event: 12.286 Thread 0x0000022c5551aec0 DEOPT UNPACKING pc=0x0000022c490946a2 sp=0x000000c2525fdc98 mode 2
Event: 12.304 Thread 0x0000022c5551aec0 Uncommon trap: trap_request=0xffffff45 fr.pc=0x0000022c49893330 relative=0x0000000000000110
Event: 12.304 Thread 0x0000022c5551aec0 Uncommon trap: reason=unstable_if action=reinterpret pc=0x0000022c49893330 method=java.util.ArrayList.indexOfRange(Ljava/lang/Object;II)I @ 7 c2
Event: 12.304 Thread 0x0000022c5551aec0 DEOPT PACKING pc=0x0000022c49893330 sp=0x000000c2525fe510
Event: 12.304 Thread 0x0000022c5551aec0 DEOPT UNPACKING pc=0x0000022c490946a2 sp=0x000000c2525fe490 mode 2

Classes loaded (20 events):
Event: 12.322 Loading class java/beans/WeakIdentityMap done
Event: 12.322 Loading class java/beans/ThreadGroupContext$1 done
Event: 12.322 Loading class java/beans/WeakIdentityMap$Entry
Event: 12.322 Loading class java/beans/WeakIdentityMap$Entry done
Event: 12.322 Loading class com/sun/beans/introspect/ClassInfo
Event: 12.323 Loading class com/sun/beans/introspect/ClassInfo done
Event: 12.323 Loading class com/sun/beans/introspect/ClassInfo$1
Event: 12.323 Loading class com/sun/beans/util/Cache
Event: 12.323 Loading class com/sun/beans/util/Cache done
Event: 12.323 Loading class com/sun/beans/introspect/ClassInfo$1 done
Event: 12.323 Loading class com/sun/beans/util/Cache$Kind
Event: 12.323 Loading class com/sun/beans/util/Cache$Kind done
Event: 12.323 Loading class com/sun/beans/util/Cache$Kind$1
Event: 12.323 Loading class com/sun/beans/util/Cache$Kind$1 done
Event: 12.324 Loading class com/sun/beans/util/Cache$Kind$2
Event: 12.324 Loading class com/sun/beans/util/Cache$Kind$2 done
Event: 12.324 Loading class com/sun/beans/util/Cache$Kind$3
Event: 12.324 Loading class com/sun/beans/util/Cache$Kind$3 done
Event: 12.324 Loading class com/sun/beans/util/Cache$CacheEntry
Event: 12.324 Loading class com/sun/beans/util/Cache$CacheEntry done

Classes unloaded (0 events):
No events

Classes redefined (0 events):
No events

Internal exceptions (20 events):
Event: 10.328 Thread 0x0000022c5551aec0 Exception <a 'java/lang/NoSuchMethodError'{0x00000000a632e930}: 'java.lang.Object java.lang.invoke.Invokers$Holder.linkToTargetMethod(java.lang.Object, java.lang.Object, java.lang.Object, java.lang.Object, java.lang.Object, java.lang.Object, int, java.lang.Object)'> (0x00000000a632e930) 
thrown [s\open\src\hotspot\share\interpreter\linkResolver.cpp, line 773]
Event: 10.360 Thread 0x0000022c5551aec0 Exception <a 'java/lang/NoSuchMethodError'{0x00000000a623c2c8}: 'java.lang.Object java.lang.invoke.DirectMethodHandle$Holder.newInvokeSpecial(java.lang.Object, java.lang.Object, int, java.lang.Object, int, java.lang.Object, java.lang.Object)'> (0x00000000a623c2c8) 
thrown [s\open\src\hotspot\share\interpreter\linkResolver.cpp, line 773]
Event: 10.672 Thread 0x0000022c5551aec0 Implicit null exception at 0x0000022c49835377 to 0x0000022c498355e8
Event: 10.741 Thread 0x0000022c5551aec0 Exception <a 'java/lang/IncompatibleClassChangeError'{0x00000000a6f0a090}: Found class java.lang.Object, but interface was expected> (0x00000000a6f0a090) 
thrown [s\open\src\hotspot\share\interpreter\linkResolver.cpp, line 840]
Event: 10.808 Thread 0x0000022c5551aec0 Exception <a 'java/lang/IncompatibleClassChangeError'{0x00000000a6e93418}: Found class java.lang.Object, but interface was expected> (0x00000000a6e93418) 
thrown [s\open\src\hotspot\share\interpreter\linkResolver.cpp, line 840]
Event: 10.958 Thread 0x0000022c5551aec0 Exception <a 'java/lang/IncompatibleClassChangeError'{0x00000000a6a27190}: Found class java.lang.Object, but interface was expected> (0x00000000a6a27190) 
thrown [s\open\src\hotspot\share\interpreter\linkResolver.cpp, line 840]
Event: 11.244 Thread 0x0000022c5551aec0 Exception <a 'java/lang/IncompatibleClassChangeError'{0x00000000a769ecb0}: Found class java.lang.Object, but interface was expected> (0x00000000a769ecb0) 
thrown [s\open\src\hotspot\share\interpreter\linkResolver.cpp, line 840]
Event: 11.245 Thread 0x0000022c5551aec0 Exception <a 'java/lang/IncompatibleClassChangeError'{0x00000000a76a4458}: Found class java.lang.Object, but interface was expected> (0x00000000a76a4458) 
thrown [s\open\src\hotspot\share\interpreter\linkResolver.cpp, line 840]
Event: 11.451 Thread 0x0000022c5551aec0 Exception <a 'java/lang/NoSuchMethodError'{0x00000000a71c22d8}: 'java.lang.Object java.lang.invoke.DirectMethodHandle$Holder.newInvokeSpecial(java.lang.Object, java.lang.Object, java.lang.Object, java.lang.Object, java.lang.Object, java.lang.Object, java.lang.Object, java.lang.Object)'> (0x00000000a71c22d8) 
thrown [s\open\src\hotspot\share\interpreter\linkResolver.cpp, line 773]
Event: 11.708 Thread 0x0000022c5551aec0 Exception <a 'java/lang/NoSuchMethodError'{0x00000000a6bdedc0}: 'java.lang.Object java.lang.invoke.DirectMethodHandle$Holder.invokeStatic(java.lang.Object, int, java.lang.Object, java.lang.Object)'> (0x00000000a6bdedc0) 
thrown [s\open\src\hotspot\share\interpreter\linkResolver.cpp, line 773]
Event: 11.708 Thread 0x0000022c5551aec0 Exception <a 'java/lang/NoSuchMethodError'{0x00000000a6be3168}: 'java.lang.Object java.lang.invoke.DirectMethodHandle$Holder.invokeSpecial(java.lang.Object, java.lang.Object, int, java.lang.Object, java.lang.Object)'> (0x00000000a6be3168) 
thrown [s\open\src\hotspot\share\interpreter\linkResolver.cpp, line 773]
Event: 11.708 Thread 0x0000022c5551aec0 Exception <a 'java/lang/NoSuchMethodError'{0x00000000a6be6e48}: 'java.lang.Object java.lang.invoke.DelegatingMethodHandle$Holder.delegate(java.lang.Object, int, java.lang.Object, java.lang.Object)'> (0x00000000a6be6e48) 
thrown [s\open\src\hotspot\share\interpreter\linkResolver.cpp, line 773]
Event: 11.712 Thread 0x0000022c5551aec0 Exception <a 'java/lang/NoSuchMethodError'{0x00000000a6bf6750}: 'int java.lang.invoke.Invokers$Holder.linkToTargetMethod(java.lang.Object, java.lang.Object, java.lang.Object)'> (0x00000000a6bf6750) 
thrown [s\open\src\hotspot\share\interpreter\linkResolver.cpp, line 773]
Event: 11.767 Thread 0x0000022c5551aec0 Exception <a 'java/lang/NoSuchMethodError'{0x00000000a6949fa0}: 'void java.lang.invoke.Invokers$Holder.invokeExact_MT(java.lang.Object, java.lang.Object, java.lang.Object, java.lang.Object)'> (0x00000000a6949fa0) 
thrown [s\open\src\hotspot\share\interpreter\linkResolver.cpp, line 773]
Event: 11.823 Thread 0x0000022c5551aec0 Exception <a 'java/lang/IncompatibleClassChangeError'{0x00000000a672f6d8}: Found class java.lang.Object, but interface was expected> (0x00000000a672f6d8) 
thrown [s\open\src\hotspot\share\interpreter\linkResolver.cpp, line 840]
Event: 11.971 Thread 0x0000022c5551aec0 Exception <a 'java/lang/NoSuchMethodError'{0x00000000a64b3e78}: 'int java.lang.invoke.DirectMethodHandle$Holder.invokeStaticInit(java.lang.Object, java.lang.Object, java.lang.Object, java.lang.Object)'> (0x00000000a64b3e78) 
thrown [s\open\src\hotspot\share\interpreter\linkResolver.cpp, line 773]
Event: 12.041 Thread 0x0000022c5551aec0 Exception <a 'java/lang/IncompatibleClassChangeError'{0x00000000a7657100}: Found class java.lang.Object, but interface was expected> (0x00000000a7657100) 
thrown [s\open\src\hotspot\share\interpreter\linkResolver.cpp, line 840]
Event: 12.058 Thread 0x0000022c5551aec0 Implicit null exception at 0x0000022c49740bc2 to 0x0000022c49740c38
Event: 12.105 Thread 0x0000022c5551aec0 Exception <a 'java/lang/NoSuchMethodError'{0x00000000a75c34b8}: 'java.lang.Object java.lang.invoke.Invokers$Holder.invoke_MT(java.lang.Object, java.lang.Object, java.lang.Object, java.lang.Object, java.lang.Object, java.lang.Object, java.lang.Object, java.lang.Object, java.lang.Object, java.lang.Object, java.lang.Object)'> (0x00000000a75c34b8) 
thrown [s\open\src\hotspot\share\interpreter\linkResolver.cpp, line 773]
Event: 12.246 Thread 0x0000022c5551aec0 Exception <a 'java/lang/NoSuchMethodError'{0x00000000a7131e88}: 'java.lang.Object java.lang.invoke.DirectMethodHandle$Holder.newInvokeSpecial(java.lang.Object, java.lang.Object, int, java.lang.Object, java.lang.Object)'> (0x00000000a7131e88) 
thrown [s\open\src\hotspot\share\interpreter\linkResolver.cpp, line 773]

ZGC Phase Switch (0 events):
No events

VM Operations (20 events):
Event: 166.974 Executing VM operation: Cleanup
Event: 166.978 Executing VM operation: Cleanup done
Event: 193.186 Executing VM operation: Cleanup
Event: 193.187 Executing VM operation: Cleanup done
Event: 200.255 Executing VM operation: Cleanup
Event: 200.255 Executing VM operation: Cleanup done
Event: 203.296 Executing VM operation: Cleanup
Event: 203.296 Executing VM operation: Cleanup done
Event: 203.348 Executing VM operation: G1CollectForAllocation (G1 Evacuation Pause)
Event: 203.479 Executing VM operation: G1CollectForAllocation (G1 Evacuation Pause) done
Event: 207.523 Executing VM operation: Cleanup
Event: 207.523 Executing VM operation: Cleanup done
Event: 267.075 Executing VM operation: Cleanup
Event: 267.079 Executing VM operation: Cleanup done
Event: 317.465 Executing VM operation: Cleanup
Event: 317.466 Executing VM operation: Cleanup done
Event: 377.933 Executing VM operation: Cleanup
Event: 377.938 Executing VM operation: Cleanup done
Event: 421.574 Executing VM operation: Cleanup
Event: 421.700 Executing VM operation: Cleanup done

Events (20 events):
Event: 12.224 Thread 0x0000022c9d005cd0 Thread added: 0x0000022c9d005cd0
Event: 12.225 Thread 0x0000022c9d005cd0 Thread exited: 0x0000022c9d005cd0
Event: 12.225 Thread 0x0000022c9d005cd0 Thread added: 0x0000022c9d005cd0
Event: 12.263 Thread 0x0000022c9d004290 Thread added: 0x0000022c9d004290
Event: 12.263 Thread 0x0000022c9d004fb0 Thread added: 0x0000022c9d004fb0
Event: 12.263 Thread 0x0000022c9d006360 Thread added: 0x0000022c9d006360
Event: 12.264 Thread 0x0000022c9ec00c80 Thread added: 0x0000022c9ec00c80
Event: 12.264 Thread 0x0000022c9ec01310 Thread added: 0x0000022c9ec01310
Event: 12.264 Thread 0x0000022c9ec033e0 Thread added: 0x0000022c9ec033e0
Event: 12.264 Thread 0x0000022c9ec026c0 Thread added: 0x0000022c9ec026c0
Event: 12.264 Thread 0x0000022c9ec02d50 Thread added: 0x0000022c9ec02d50
Event: 12.265 Thread 0x0000022c9ebfff60 Thread added: 0x0000022c9ebfff60
Event: 12.265 Thread 0x0000022c9ec02030 Thread added: 0x0000022c9ec02030
Event: 12.296 Thread 0x0000022c9ec019a0 Thread added: 0x0000022c9ec019a0
Event: 12.298 Thread 0x0000022c9ec03a70 Thread added: 0x0000022c9ec03a70
Event: 12.321 Thread 0x0000022c5551aec0 Thread exited: 0x0000022c5551aec0
Event: 12.324 Thread 0x0000022c5551c900 Thread exited: 0x0000022c5551c900
Event: 12.325 Thread 0x0000022c396ab6f0 Thread exited: 0x0000022c396ab6f0
Event: 12.325 Thread 0x0000022c9ec005f0 Thread added: 0x0000022c9ec005f0
Event: 13.983 Thread 0x0000022c9d007710 Thread exited: 0x0000022c9d007710


Dynamic libraries:
0x00007ff66abb0000 - 0x00007ff66abc0000 	C:\Program Files\Java\jdk-21\bin\java.exe
0x00007ffc7c4c0000 - 0x00007ffc7c729000 	C:\WINDOWS\SYSTEM32\ntdll.dll
0x00007ffc7af10000 - 0x00007ffc7afd9000 	C:\WINDOWS\System32\KERNEL32.DLL
0x00007ffc79cb0000 - 0x00007ffc7a0a3000 	C:\WINDOWS\System32\KERNELBASE.dll
0x00007ffc7a0b0000 - 0x00007ffc7a1fb000 	C:\WINDOWS\System32\ucrtbase.dll
0x00007ffc67770000 - 0x00007ffc67789000 	C:\Program Files\Java\jdk-21\bin\jli.dll
0x00007ffc681f0000 - 0x00007ffc6820b000 	C:\Program Files\Java\jdk-21\bin\VCRUNTIME140.dll
0x00007ffc7b480000 - 0x00007ffc7b534000 	C:\WINDOWS\System32\ADVAPI32.dll
0x00007ffc7bcb0000 - 0x00007ffc7bd59000 	C:\WINDOWS\System32\msvcrt.dll
0x00007ffc7be80000 - 0x00007ffc7bf26000 	C:\WINDOWS\System32\sechost.dll
0x00007ffc7bd60000 - 0x00007ffc7be78000 	C:\WINDOWS\System32\RPCRT4.dll
0x00007ffc7c0f0000 - 0x00007ffc7c2b4000 	C:\WINDOWS\System32\USER32.dll
0x00007ffc60e40000 - 0x00007ffc610d3000 	C:\WINDOWS\WinSxS\amd64_microsoft.windows.common-controls_6595b64144ccf1df_6.0.26100.5074_none_3e0d6f78e32fd63f\COMCTL32.dll
0x00007ffc79910000 - 0x00007ffc79937000 	C:\WINDOWS\System32\win32u.dll
0x00007ffc7a290000 - 0x00007ffc7a2bb000 	C:\WINDOWS\System32\GDI32.dll
0x00007ffc79a00000 - 0x00007ffc79b2d000 	C:\WINDOWS\System32\gdi32full.dll
0x00007ffc797c0000 - 0x00007ffc79863000 	C:\WINDOWS\System32\msvcp_win.dll
0x00007ffc6c850000 - 0x00007ffc6c85b000 	C:\WINDOWS\SYSTEM32\VERSION.dll
0x00007ffc7b060000 - 0x00007ffc7b08f000 	C:\WINDOWS\System32\IMM32.DLL
0x00007ffc74190000 - 0x00007ffc7419c000 	C:\Program Files\Java\jdk-21\bin\vcruntime140_1.dll
0x00007ffc406d0000 - 0x00007ffc4075e000 	C:\Program Files\Java\jdk-21\bin\msvcp140.dll
0x00007ffbc4aa0000 - 0x00007ffbc57b3000 	C:\Program Files\Java\jdk-21\bin\server\jvm.dll
0x00007ffc7b880000 - 0x00007ffc7b8f4000 	C:\WINDOWS\System32\WS2_32.dll
0x00007ffc6caf0000 - 0x00007ffc6cb25000 	C:\WINDOWS\SYSTEM32\WINMM.dll
0x00007ffc794b0000 - 0x00007ffc7950e000 	C:\WINDOWS\SYSTEM32\POWRPROF.dll
0x00007ffc79490000 - 0x00007ffc794a4000 	C:\WINDOWS\SYSTEM32\UMPDC.dll
0x00007ffc78430000 - 0x00007ffc7844b000 	C:\WINDOWS\SYSTEM32\kernel.appcore.dll
0x00007ffc67760000 - 0x00007ffc6776a000 	C:\Program Files\Java\jdk-21\bin\jimage.dll
0x00007ffc769a0000 - 0x00007ffc76be2000 	C:\WINDOWS\SYSTEM32\DBGHELP.DLL
0x00007ffc7b0a0000 - 0x00007ffc7b41b000 	C:\WINDOWS\System32\combase.dll
0x00007ffc7bf30000 - 0x00007ffc7c007000 	C:\WINDOWS\System32\OLEAUT32.dll
0x00007ffc60b50000 - 0x00007ffc60b8d000 	C:\WINDOWS\SYSTEM32\dbgcore.DLL
0x00007ffc79870000 - 0x00007ffc79909000 	C:\WINDOWS\System32\bcryptPrimitives.dll
0x00007ffc65090000 - 0x00007ffc650af000 	C:\Program Files\Java\jdk-21\bin\java.dll
0x00007ffc7a2c0000 - 0x00007ffc7aa0d000 	C:\WINDOWS\System32\SHELL32.dll
0x00007ffc79650000 - 0x00007ffc797bc000 	C:\WINDOWS\System32\wintypes.dll
0x00007ffc772b0000 - 0x00007ffc77b09000 	C:\WINDOWS\SYSTEM32\windows.storage.dll
0x00007ffc7b9a0000 - 0x00007ffc7ba90000 	C:\WINDOWS\System32\SHCORE.dll
0x00007ffc7bc40000 - 0x00007ffc7bca2000 	C:\WINDOWS\System32\shlwapi.dll
0x00007ffc79570000 - 0x00007ffc79599000 	C:\WINDOWS\SYSTEM32\profapi.dll
0x00007ffc405f0000 - 0x00007ffc406c7000 	C:\Program Files\Java\jdk-21\bin\jsvml.dll
0x00007ffc64b60000 - 0x00007ffc64b70000 	C:\Program Files\Java\jdk-21\bin\net.dll
0x00007ffc71ab0000 - 0x00007ffc71bcf000 	C:\WINDOWS\SYSTEM32\WINHTTP.dll
0x00007ffc789b0000 - 0x00007ffc78a1b000 	C:\WINDOWS\system32\mswsock.dll
0x00007ffc5d110000 - 0x00007ffc5d126000 	C:\Program Files\Java\jdk-21\bin\nio.dll
0x00007ffc64bb0000 - 0x00007ffc64bc8000 	C:\Program Files\Java\jdk-21\bin\zip.dll
0x00007ffc5beb0000 - 0x00007ffc5beba000 	C:\Program Files\Java\jdk-21\bin\management.dll
0x00007ffc58450000 - 0x00007ffc5845b000 	C:\Program Files\Java\jdk-21\bin\management_ext.dll
0x00007ffc7c010000 - 0x00007ffc7c018000 	C:\WINDOWS\System32\PSAPI.DLL
0x00007ffc536b0000 - 0x00007ffc536be000 	C:\Program Files\Java\jdk-21\bin\sunmscapi.dll
0x00007ffc79b30000 - 0x00007ffc79ca7000 	C:\WINDOWS\System32\CRYPT32.dll
0x00007ffc78e70000 - 0x00007ffc78ea0000 	C:\WINDOWS\SYSTEM32\ncrypt.dll
0x00007ffc78e20000 - 0x00007ffc78e5f000 	C:\WINDOWS\SYSTEM32\NTASN1.dll
0x00007ffc78c50000 - 0x00007ffc78c6b000 	C:\WINDOWS\SYSTEM32\CRYPTSP.dll
0x00007ffc78390000 - 0x00007ffc783cb000 	C:\WINDOWS\system32\rsaenh.dll
0x00007ffc78a50000 - 0x00007ffc78a7b000 	C:\WINDOWS\SYSTEM32\USERENV.dll
0x00007ffc79540000 - 0x00007ffc79566000 	C:\WINDOWS\SYSTEM32\bcrypt.dll
0x00007ffc78c70000 - 0x00007ffc78c7c000 	C:\WINDOWS\SYSTEM32\CRYPTBASE.dll
0x00007ffc77e30000 - 0x00007ffc77e64000 	C:\WINDOWS\SYSTEM32\IPHLPAPI.DLL
0x00007ffc7c0e0000 - 0x00007ffc7c0ea000 	C:\WINDOWS\System32\NSI.dll
0x00007ffc5ce80000 - 0x00007ffc5ce90000 	C:\Program Files\Java\jdk-21\bin\verify.dll
0x00007ffc77ec0000 - 0x00007ffc77fe6000 	C:\WINDOWS\SYSTEM32\DNSAPI.dll
0x00007ffc71be0000 - 0x00007ffc71beb000 	C:\Windows\System32\rasadhlp.dll
0x00007ffc730f0000 - 0x00007ffc73176000 	C:\WINDOWS\System32\fwpuclnt.dll
0x00007ffc55000000 - 0x00007ffc55009000 	C:\Program Files\Java\jdk-21\bin\extnet.dll
0x00007ffc5c7d0000 - 0x00007ffc5c7d8000 	C:\WINDOWS\system32\wshunix.dll

dbghelp: loaded successfully - version: 4.0.5 - missing functions: none
symbol engine: initialized successfully - sym options: 0x614 - pdb path: .;C:\Program Files\Java\jdk-21\bin;C:\WINDOWS\SYSTEM32;C:\WINDOWS\WinSxS\amd64_microsoft.windows.common-controls_6595b64144ccf1df_6.0.26100.5074_none_3e0d6f78e32fd63f;C:\Program Files\Java\jdk-21\bin\server

VM Arguments:
jvm_args: -Dfile.encoding=UTF-8 -Duser.country=IN -Duser.language=en -Duser.variant 
java_command: com.kugelblitz.EmployeeManagementService.EmployeeManagementServiceApplication
java_class_path (initial): C:\EmployeeManagementService\EmployeeManagementService\build\classes\java\main;C:\EmployeeManagementService\EmployeeManagementService\build\resources\main;C:\Users\samee\.gradle\caches\modules-2\files-2.1\org.springframework.boot\spring-boot-devtools\3.5.5\44910edfe0372607eb82abe80eb52699627ec85a\spring-boot-devtools-3.5.5.jar;C:\Users\samee\.gradle\caches\modules-2\files-2.1\org.springframework.boot\spring-boot-starter-data-jpa\3.5.5\1b0c807e0f584dcf2c8fe7360c07ff18faeacf30\spring-boot-starter-data-jpa-3.5.5.jar;C:\Users\samee\.gradle\caches\modules-2\files-2.1\org.springframework.boot\spring-boot-starter-web\3.5.5\b9039cd5aa1feda2cfbd487233e343f66627f78f\spring-boot-starter-web-3.5.5.jar;C:\Users\samee\.gradle\caches\modules-2\files-2.1\com.mysql\mysql-connector-j\9.4.0\8f6c66269048fbd2316b7b45d75898ebee44986f\mysql-connector-j-9.4.0.jar;C:\Users\samee\.gradle\caches\modules-2\files-2.1\org.springframework.boot\spring-boot-starter-jdbc\3.5.5\25ab9d086e35f606ea0147b10defdd1c8be3f25\spring-boot-starter-jdbc-3.5.5.jar;C:\Users\samee\.gradle\caches\modules-2\files-2.1\org.springframework.boot\spring-boot-starter-json\3.5.5\316736898ceac2a806e08e981ea059c78b982383\spring-boot-starter-json-3.5.5.jar;C:\Users\samee\.gradle\caches\modules-2\files-2.1\org.springframework.boot\spring-boot-starter\3.5.5\f0e27ab73519ebebfc72c9b16ccde342cc9f599d\spring-boot-starter-3.5.5.jar;C:\Users\samee\.gradle\caches\modules-2\files-2.1\org.springframework.boot\spring-boot-autoconfigure\3.5.5\348f4fb99d61a1ea039a44ec667b61657adb54b2\spring-boot-autoconfigure-3.5.5.jar;C:\Users\samee\.gradle\caches\modules-2\files-2.1\org.springframework.boot\spring-boot\3.5.5\7d50b76ea4905d6c61fea5cb6556bc735c55da1\spring-boot-3.5.5.jar;C:\Users\samee\.gradle\caches\modules-2\files-2.1\org.hibernate.orm\hibernate-core\6.6.26.Final\4a89014a34c7c46d15da49de85aa879c603c962\hibernate-core-6.6.26.Final.jar;C:\Users\samee\.gradle\caches\modules-2\files-2.1\org.springframework.data\spring-data-jpa\3.5.3\ed2764475a3c53fec8d1b844f9700ce6427b29dc\spring-data-jpa-3.5.3.jar;C:\Users\samee\.gradle\caches\modules-2\files-2.1\org.springframework\spring-aspects\6.2.10\34303b4c9a50261522dbce2d4c3c659660b3c33\spring-aspects-6.2.10.jar;C:\Users\samee\.gradle\caches\modules-2\files-2.1\org.springframework.boot\spring-boot-starter-tomcat\3.5.5\c1342d34e6eeee72d98675d413ae2e925ea22852\spring-boot-starter-tomcat-3.5.5.jar;C:\Users\samee\.gradle\caches\modules-2\files-2.1\org.springframework\spring-webmvc\6.2.10\d3491aedc2636378cd273f6266d49f43a8b3e241\spring-webmvc-6.2.10.jar;C:\Users\samee\.gradle\caches\modules-2\files-2.1\org.springframework\spring-web\6.2.10\38c2f6633a44b385b6263294c38e5a4f217c005c\spring-web-6.2.10.jar;C:\Users\samee\.gradle\caches\modules-2\files-2.1\org.springframework\spring-context\6.2.10\80464a79539a19a00e32eccb041670f34857fe7\spring-context-6.2.10.jar;C:\Users\samee\.gradle\caches\modules-2\files-2.1\org.springframework\spring-orm\6.2.10\4bf04f4693bfbb56248b0dccc7f5e0ec77f95ca6\spring-orm-6.2.10.jar;C:\Users\samee\.gradle\caches\modules-2\files-2.1\org.springframework\spring-jdbc\6.2.10\4514e36bf0880464b9b55ecf0ea6ebd7362b664\spring-jdbc-6.2.10.jar;C:\Users\samee\.gradle\caches\modules-2\files-2.1\org.springframework.data\spring-data-commons\3.5.3\886e56cfc383f757f057901dc7c448d8dcc73fed\spring-data-commons-3.5.3.jar;C:\Users\samee\.gradle\caches\modules-2\files-2.1\org.springframework\spring-aop\6.2.10\2b194c29deaadb71a8a8e5b8b41d9521c29a0d66\spring-aop-6.2.10.jar;C:\Users\samee\.gradle\caches\modules-2\files-2.1\org.springframework\spring-tx\6.2.10\bd4915d9862f127b45bae75195622d84f36a5373\spring-tx-6.2.10.jar;C:\Users\samee\.gradle\caches\modules-2\files-2.1\org.springframework\spring-beans\6.2.10\88ffda89593a74bb356a96ea2ed235ec6e083cfa\spring-beans-6.2.10.jar;C:\Users\samee\.gradle\caches\modules-2\files-2.1\org.springframework\spring-expression\6.2.10\16bdfead8a73673e395441c14b1868a128fc87c2\spring-expression-6.2.10.jar;C:\Users\samee\.gradle\caches\modules-2\files-2.1\org.springframework\spring-core\6.2.10\82d9c797f9147b643ac0aab8a1a40e96f8d8a737\spring-core-6.2.10.jar;C:\Users\samee\.gradle\caches\modules-2\files-2.1\org.springframework.boot\spring-boot-starter-logging\3.5.5\981750c503485e442e37b7cac1dc19c5ddfc6d58\spring-boot-starter-logging-3.5.5.jar;C:\Users\samee\.gradle\caches\modules-2\files-2.1\jakarta.annotation\jakarta.annotation-api\2.1.1\48b9bda22b091b1f48b13af03fe36db3be6e1ae3\jakarta.annotation-api-2.1.1.jar;C:\Users\samee\.gradle\caches\modules-2\files-2.1\org.yaml\snakeyaml\2.4\e0666b825b796f85521f02360e77f4c92c5a7a07\snakeyaml-2.4.jar;C:\Users\samee\.gradle\caches\modules-2\files-2.1\com.zaxxer\HikariCP\6.3.2\d09ad7d252c2a8daaa99ed5f3b0d54f95b9b344\HikariCP-6.3.2.jar;C:\Users\samee\.gradle\caches\modules-2\files-2.1\jakarta.persistence\jakarta.persistence-api\3.1.0\66901fa1c373c6aff65c13791cc11da72060a8d6\jakarta.persistence-api-3.1.0.jar;C:\Users\samee\.gradle\caches\modules-2\files-2.1\jakarta.transaction\jakarta.transaction-api\2.0.1\51a520e3fae406abb84e2e1148e6746ce3f80a1a\jakarta.transaction-api-2.0.1.jar;C:\Users\samee\.gradle\caches\modules-2\files-2.1\org.jboss.logging\jboss-logging\3.6.1.Final\886afbb445b4016a37c8960a7aef6ebd769ce7e5\jboss-logging-3.6.1.Final.jar;C:\Users\samee\.gradle\caches\modules-2\files-2.1\org.hibernate.common\hibernate-commons-annotations\7.0.3.Final\e183c4be8bb41d12e9f19b374e00c34a0a85f439\hibernate-commons-annotations-7.0.3.Final.jar;C:\Users\samee\.gradle\caches\modules-2\files-2.1\io.smallrye\jandex\3.2.0\f17ad860f62a08487b9edabde608f8ac55c62fa7\jandex-3.2.0.jar;C:\Users\samee\.gradle\caches\modules-2\files-2.1\com.fasterxml\classmate\1.7.0\e98374da1f2143ac8e6e0a95036994bb19137a3\classmate-1.7.0.jar;C:\Users\samee\.gradle\caches\modules-2\files-2.1\net.bytebuddy\byte-buddy\1.17.7\3856bfab61beb23e099a0d6629f2ba8de4b98ace\byte-buddy-1.17.7.jar;C:\Users\samee\.gradle\caches\modules-2\files-2.1\org.glassfish.jaxb\jaxb-runtime\4.0.5\ca84c2a7169b5293e232b9d00d1e4e36d4c3914a\jaxb-runtime-4.0.5.jar;C:\Users\samee\.gradle\caches\modules-2\files-2.1\org.glassfish.jaxb\jaxb-core\4.0.5\7b4b11ea5542eea4ad55e1080b23be436795b3\jaxb-core-4.0.5.jar;C:\Users\samee\.gradle\caches\modules-2\files-2.1\jakarta.xml.bind\jakarta.xml.bind-api\4.0.2\6cd5a999b834b63238005b7144136379dc36cad2\jakarta.xml.bind-api-4.0.2.jar;C:\Users\samee\.gradle\caches\modules-2\files-2.1\jakarta.inject\jakarta.inject-api\2.0.1\4c28afe1991a941d7702fe1362c365f0a8641d1e\jakarta.inject-api-2.0.1.jar;C:\Users\samee\.gradle\caches\modules-2\files-2.1\org.antlr\antlr4-runtime\4.13.0\5a02e48521624faaf5ff4d99afc88b01686af655\antlr4-runtime-4.13.0.jar;C:\Users\samee\.gradle\caches\modules-2\files-2.1\ch.qos.logback\logback-classic\1.5.18\fc371f3fc97a639de2d67947cffb7518ec5e3d40\logback-classic-1.5.18.jar;C:\Users\samee\.gradle\caches\modules-2\files-2.1\org.apache.logging.log4j\log4j-to-slf4j\2.24.3\da1143e2a2531ee1c2d90baa98eb50a28a39d5a7\log4j-to-slf4j-2.24.3.jar;C:\Users\samee\.gradle\caches\modules-2\files-2.1\org.slf4j\jul-to-slf4j\2.0.17\524cb6ccc2b68a57604750e1ab8b13b5a786a6aa\jul-to-slf4j-2.0.17.jar;C:\Users\samee\.gradle\caches\modules-2\files-2.1\org.slf4j\slf4j-api\2.0.17\d9e58ac9c7779ba3bf8142aff6c830617a7fe60f\slf4j-api-2.0.17.jar;C:\Users\samee\.gradle\caches\modules-2\files-2.1\org.aspectj\aspectjweaver\1.9.24\9b5aeb0cea9f958b9c57fb80e62996e95a3e9379\aspectjweaver-1.9.24.jar;C:\Users\samee\.gradle\caches\modules-2\files-2.1\com.fasterxml.jackson.datatype\jackson-datatype-jsr310\2.19.2\72e73f048b36d9df82aef146bf8b2ae63b2e28e2\jackson-datatype-jsr310-2.19.2.jar;C:\Users\samee\.gradle\caches\modules-2\files-2.1\com.fasterxml.jackson.module\jackson-module-parameter-names\2.19.2\3c4ce467c11364c72ec4967c570fd5a2d1be1d0b\jackson-module-parameter-names-2.19.2.jar;C:\Users\samee\.gradle\caches\modules-2\files-2.1\com.fasterxml.jackson.core\jackson-annotations\2.19.2\c5381f11988ae3d424b197a26087d86067b6d7d\jackson-annotations-2.19.2.jar;C:\Users\samee\.gradle\caches\modules-2\files-2.1\com.fasterxml.jackson.core\jackson-core\2.19.2\50f3b4bd59b9ff51a0ed493e7b5abaf5c39709bf\jackson-core-2.19.2.jar;C:\Users\samee\.gradle\caches\modules-2\files-2.1\com.fasterxml.jackson.datatype\jackson-datatype-jdk8\2.19.2\a720d3946c3a1ab04b780f3b3163d62eee6948a0\jackson-datatype-jdk8-2.19.2.jar;C:\Users\samee\.gradle\caches\modules-2\files-2.1\com.fasterxml.jackson.core\jackson-databind\2.19.2\46509399d28f57ca32c6bb4b0d4e10e8f062051e\jackson-databind-2.19.2.jar;C:\Users\samee\.gradle\caches\modules-2\files-2.1\org.apache.tomcat.embed\tomcat-embed-websocket\10.1.44\1966a8224858c4b4480469bfcdcaa3f8faf59cc7\tomcat-embed-websocket-10.1.44.jar;C:\Users\samee\.gradle\caches\modules-2\files-2.1\org.apache.tomcat.embed\tomcat-embed-core\10.1.44\5e18d00936ca925c9249f1a8e77c0e8adf1d6287\tomcat-embed-core-10.1.44.jar;C:\Users\samee\.gradle\caches\modules-2\files-2.1\org.apache.tomcat.embed\tomcat-embed-el\10.1.44\6ee7685651c5eba1f4bef99f9dbb38b89d1a6cb6\tomcat-embed-el-10.1.44.jar;C:\Users\samee\.gradle\caches\modules-2\files-2.1\io.micrometer\micrometer-observation\1.15.3\e95d07e329f6d3ecb15a6ba1c5d96c25b9df0a97\micrometer-observation-1.15.3.jar;C:\Users\samee\.gradle\caches\modules-2\files-2.1\org.springframework\spring-jcl\6.2.10\9ff7e998fe11d991f6b7fd000a0c6583c9e6ffee\spring-jcl-6.2.10.jar;C:\Users\samee\.gradle\caches\modules-2\files-2.1\org.eclipse.angus\angus-activation\2.0.2\41f1e0ddd157c856926ed149ab837d110955a9fc\angus-activation-2.0.2.jar;C:\Users\samee\.gradle\caches\modules-2\files-2.1\jakarta.activation\jakarta.activation-api\2.1.3\fa165bd70cda600368eee31555222776a46b881f\jakarta.activation-api-2.1.3.jar;C:\Users\samee\.gradle\caches\modules-2\files-2.1\io.micrometer\micrometer-commons\1.15.3\3a97060d64a54daa11f14365aebc559fa8820281\micrometer-commons-1.15.3.jar;C:\Users\samee\.gradle\caches\modules-2\files-2.1\ch.qos.logback\logback-core\1.5.18\6c0375624f6f36b4e089e2488ba21334a11ef13f\logback-core-1.5.18.jar;C:\Users\samee\.gradle\caches\modules-2\files-2.1\org.apache.logging.log4j\log4j-api\2.24.3\b02c125db8b6d295adf72ae6e71af5d83bce2370\log4j-api-2.24.3.jar;C:\Users\samee\.gradle\caches\modules-2\files-2.1\org.glassfish.jaxb\txw2\4.0.5\f36a4ef12120a9bb06d766d6a0e54b144fd7ed98\txw2-4.0.5.jar;C:\Users\samee\.gradle\caches\modules-2\files-2.1\com.sun.istack\istack-commons-runtime\4.1.2\18ec117c85f3ba0ac65409136afa8e42bc74e739\istack-commons-runtime-4.1.2.jar
Launcher Type: SUN_STANDARD

[Global flags]
     intx CICompilerCount                          = 4                                         {product} {ergonomic}
     uint ConcGCThreads                            = 2                                         {product} {ergonomic}
     uint G1ConcRefinementThreads                  = 8                                         {product} {ergonomic}
   size_t G1HeapRegionSize                         = 1048576                                   {product} {ergonomic}
    uintx GCDrainStackTargetSize                   = 64                                        {product} {ergonomic}
   size_t InitialHeapSize                          = 96468992                                  {product} {ergonomic}
   size_t MarkStackSize                            = 4194304                                   {product} {ergonomic}
   size_t MaxHeapSize                              = 1541406720                                {product} {ergonomic}
   size_t MaxNewSize                               = 924844032                                 {product} {ergonomic}
   size_t MinHeapDeltaBytes                        = 1048576                                   {product} {ergonomic}
   size_t MinHeapSize                              = 8388608                                   {product} {ergonomic}
    uintx NonNMethodCodeHeapSize                   = 5839372                                {pd product} {ergonomic}
    uintx NonProfiledCodeHeapSize                  = 122909434                              {pd product} {ergonomic}
    uintx ProfiledCodeHeapSize                     = 122909434                              {pd product} {ergonomic}
    uintx ReservedCodeCacheSize                    = 251658240                              {pd product} {ergonomic}
     bool SegmentedCodeCache                       = true                                      {product} {ergonomic}
   size_t SoftMaxHeapSize                          = 1541406720                             {manageable} {ergonomic}
     bool UseCompressedOops                        = true                           {product lp64_product} {ergonomic}
     bool UseG1GC                                  = true                                      {product} {ergonomic}
     bool UseLargePagesIndividualAllocation        = false                                  {pd product} {ergonomic}

Logging:
Log output configuration:
 #0: stdout all=warning uptime,level,tags foldmultilines=false
 #1: stderr all=off uptime,level,tags foldmultilines=false

Environment Variables:
PATH=D:\oracle\product\10.2.0\db_1\bin;C:\Program Files (x86)\Common Files\Oracle\Java\javapath;C:\Program Files\Common Files\Oracle\Java\javapath;C:\WINDOWS\system32;C:\WINDOWS;C:\WINDOWS\System32\Wbem;C:\WINDOWS\System32\WindowsPowerShell\v1.0\;C:\WINDOWS\System32\OpenSSH\;C:\Program Files\nodejs\;C:\Program Files\dotnet\;C:\Program Files\Git\cmd;C:\Program Files\Git\mingw64\bin;C:\Program Files\Git\usr\bin;C:\Users\samee\AppData\Local\Programs\Microsoft VS Code\bin;C:\Users\samee\AppData\Roaming\npm;C:\Users\samee\AppData\Local\Microsoft\WindowsApps;C:\Users\samee\.dotnet\tools;C:\Users\samee\AppData\Local\GitHubDesktop\bin
USERNAME=samee
OS=Windows_NT
PROCESSOR_IDENTIFIER=AMD64 Family 23 Model 160 Stepping 0, AuthenticAMD
TMP=C:\Users\samee\AppData\Local\Temp
TEMP=C:\Users\samee\AppData\Local\Temp




Periodic native trim disabled

---------------  S Y S T E M  ---------------

OS:
 Windows 11 , 64 bit Build 26100 (10.0.26100.5074)
OS uptime: 2 days 21:48 hours
Hyper-V role detected

CPU: total 8 (initial active 8) (8 cores per cpu, 2 threads per core) family 23 model 160 stepping 0 microcode 0x8a00006, cx8, cmov, fxsr, ht, mmx, 3dnowpref, sse, sse2, sse3, ssse3, sse4a, sse4.1, sse4.2, popcnt, lzcnt, tsc, tscinvbit, avx, avx2, aes, clmul, bmi1, bmi2, adx, sha, fma, vzeroupper, clflush, clflushopt, hv, rdtscp, rdpid, f16c
Processor Information for all 8 processors :
  Max Mhz: 2401, Current Mhz: 2401, Mhz Limit: 2401

Memory: 4k page, system-wide physical 5877M (289M free)
TotalPageFile size 24309M (AvailPageFile size 7M)
current process WorkingSet (physical memory assigned to process): 25M, peak: 233M
current process commit charge ("private bytes"): 258M, peak: 279M

vm_info: Java HotSpot(TM) 64-Bit Server VM (21.0.4+8-LTS-274) for windows-amd64 JRE (21.0.4+8-LTS-274), built on 2024-06-05T05:23:33Z by "mach5one" with MS VC++ 17.6 (VS2022)

END.
